C51 COMPILER V9.60.7.0   MAIN                                                              02/26/2024 19:03:13 PAGE 1   


C51 COMPILER V9.60.7.0, COMPILATION OF MODULE MAIN
OBJECT MODULE PLACED IN .\Objects\main.obj
COMPILER INVOKED BY: E:\Keil_v5\C51\BIN\C51.EXE main.c OPTIMIZE(8,SPEED) BROWSE DEBUG OBJECTEXTEND PRINT(.\Listings\main
                    -.lst) TABS(2) OBJECT(.\Objects\main.obj)

line level    source

   1          #include<reg52.h>
   2          #include<intrins.h>
   3          #define uchar unsigned char
   4          #define uint unsigned int
   5          
   6          uint temp;
   7          
   8          void delay(uint z)
   9          {
  10   1          uint x,y;
  11   1          for(x=z;x>0;x--)
  12   1          for(y=144;y>0;y--);
  13   1      }
  14          
  15          void main()
  16          {
  17   1          temp = 0xfe;
  18   1          P1 = 0xfe;
  19   1          delay(20);
  20   1          while(1)
  21   1          {
  22   2              temp = _crol_(temp,1);
  23   2              P1 = temp;
  24   2              delay(20);
  25   2          }
  26   1      }
  27          


MODULE INFORMATION:   STATIC OVERLAYABLE
   CODE SIZE        =     73    ----
   CONSTANT SIZE    =   ----    ----
   XDATA SIZE       =   ----    ----
   PDATA SIZE       =   ----    ----
   DATA SIZE        =      2    ----
   IDATA SIZE       =   ----    ----
   BIT SIZE         =   ----    ----
END OF MODULE INFORMATION.


C51 COMPILATION COMPLETE.  0 WARNING(S),  0 ERROR(S)
