C51 COMPILER V9.60.7.0   MAIN                                                              02/28/2024 21:11:26 PAGE 1   


C51 COMPILER V9.60.7.0, COMPILATION OF MODULE MAIN
OBJECT MODULE PLACED IN .\Objects\main.obj
COMPILER INVOKED BY: E:\Keil_v5\C51\BIN\C51.EXE main.c OPTIMIZE(8,SPEED) BROWSE DEBUG OBJECTEXTEND PRINT(.\Listings\main
                    -.lst) TABS(2) OBJECT(.\Objects\main.obj)

line level    source

   1          #include <reg52.h>
   2          #include <intrins.h>
   3          
   4          #define uint unsigned int
   5          
   6              uint wenumber;
   7          uint flag;
   8          uint arr[7] = {0x6d, 0x5b, 0x3f, 0x06, 0x4f, 0x06, 0x66};
   9          
  10          sbit DU = P2 ^ 6;
  11          sbit WE = P2 ^ 7;
  12          
  13          void main()
  14          {
  15   1          while (1)
  16   1          {
  17   2              wenumber = 0xfe;
  18   2              for (flag = 0; flag < 7; flag++)
  19   2              {
  20   3                  P0 = 0;
  21   3                  DU = 1;
  22   3                  DU = 0;
  23   3      
  24   3                  P0 = wenumber;
  25   3                  WE = 1;
  26   3                  WE = 0;
  27   3      
  28   3                  P0 = arr[flag];
  29   3                  DU = 1;
  30   3                  DU = 0;
  31   3      
  32   3                  if (6 == flag)
  33   3                      break;
  34   3      
  35   3                  wenumber = _crol_(wenumber, 1);
  36   3              }
  37   2          }
  38   1      }


MODULE INFORMATION:   STATIC OVERLAYABLE
   CODE SIZE        =     79    ----
   CONSTANT SIZE    =   ----    ----
   XDATA SIZE       =   ----    ----
   PDATA SIZE       =   ----    ----
   DATA SIZE        =     18    ----
   IDATA SIZE       =   ----    ----
   BIT SIZE         =   ----    ----
END OF MODULE INFORMATION.


C51 COMPILATION COMPLETE.  0 WARNING(S),  0 ERROR(S)
