C51 COMPILER V9.60.7.0   MAIN                                                              11/29/2023 21:09:22 PAGE 1   


C51 COMPILER V9.60.7.0, COMPILATION OF MODULE MAIN
OBJECT MODULE PLACED IN .\Objects\main.obj
COMPILER INVOKED BY: E:\Keil_v5\C51\BIN\C51.EXE main.c OPTIMIZE(8,SPEED) BROWSE DEBUG OBJECTEXTEND PRINT(.\Listings\main
                    -.lst) TABS(2) OBJECT(.\Objects\main.obj)

line level    source

   1          #include<reg52.h>
   2          #include<intrins.h>
   3          unsigned char code tabel[8]={0xFF,0xEF,0xEF,0x83,0xAB,0x83,0xEF,0xFF};
   4          sbit DIO = P3^4;
   5          sbit S_CLK = P3^5;
   6          sbit O_CLK = P3^6;
   7          int i,j;
   8          unsigned char k;
   9          void Send_Byte(unsigned char dat)
  10          {
  11   1          for(i=8;i>0;i--)
  12   1          {
  13   2              S_CLK = 0;
  14   2              if(dat & 0x01)
  15   2              {
  16   3                  DIO = 1;
  17   3              }
  18   2              else
  19   2              {
  20   3                  DIO = 0;
  21   3              }
  22   2              S_CLK = 1;
  23   2              dat>>=1;
  24   2          }  
  25   1          
  26   1          
  27   1      } 
  28          void main()
  29          {
  30   1          k = 0x80;
  31   1          for(j=0;j<8;j++)
  32   1          {
  33   2              O_CLK = 0;
  34   2              Send_Byte(tabel[j]);
  35   2              Send_Byte(k);
  36   2              O_CLK = 1;
  37   2              k = _cror_(k,1);
  38   2          }
  39   1      }


MODULE INFORMATION:   STATIC OVERLAYABLE
   CODE SIZE        =    107    ----
   CONSTANT SIZE    =      8    ----
   XDATA SIZE       =   ----    ----
   PDATA SIZE       =   ----    ----
   DATA SIZE        =      5    ----
   IDATA SIZE       =   ----    ----
   BIT SIZE         =   ----    ----
END OF MODULE INFORMATION.


C51 COMPILATION COMPLETE.  0 WARNING(S),  0 ERROR(S)
