C51 COMPILER V9.60.7.0   MAIN                                                              12/02/2023 10:52:57 PAGE 1   


C51 COMPILER V9.60.7.0, COMPILATION OF MODULE MAIN
OBJECT MODULE PLACED IN .\Objects\main.obj
COMPILER INVOKED BY: E:\Keil_v5\C51\BIN\C51.EXE main.c OPTIMIZE(8,SPEED) BROWSE DEBUG OBJECTEXTEND PRINT(.\Listings\main
                    -.lst) TABS(2) OBJECT(.\Objects\main.obj)

line level    source

   1          #include<reg52.h>
   2          #define uchar unsigned char
   3          #define uint unsigned int
   4          #define ulong unsigned long
   5          uchar  code dula [10]= {0x3F, 0x06, 0x5B, 0x4F, 0x66, 0x6D, 0x7D, 0x07, 0x7F, 0x6F,};
   6          
   7          sbit we = P2^7;
   8          sbit du = P2^6;
   9          void delay(uint z)
  10          {
  11   1        uint x,y;
  12   1        for(x = z; x > 0; x--)
  13   1          for(y = 114; y > 0 ; y--);    
  14   1      } 
  15          
  16          void dispiay(ulong i)
  17          {
  18   1      uchar qianwan,baiwan,shiwan,wan,qian,bai,shi,ge;
  19   1      qianwan = i/10000000;
  20   1      baiwan  = i%10000000/1000000;
  21   1      shiwan = i%1000000/100000;
  22   1      wan = i%100000/10000;
  23   1      qian = i%10000/1000;
  24   1      bai = i%1000/100;
  25   1      shi = i%100/10;
  26   1      ge = i%10;
  27   1          du = 0;
  28   1          we = 0;
  29   1          delay(5);
  30   1          
  31   1          P0 = 0XFE;
  32   1          we = 1;
  33   1          we = 0;
  34   1          P0 = dula[qianwan];
  35   1          du = 1;
  36   1          du = 0;
  37   1          delay(5);
  38   1          
  39   1          P0  = 0xfd;
  40   1          we = 1;
  41   1          we = 0;
  42   1          P0 = dula[baiwan];
  43   1          du = 1;
  44   1          du = 0;
  45   1          delay(5);
  46   1          
  47   1          P0  = 0xfb;
  48   1          we = 1;
  49   1          we = 0;
  50   1          P0 = dula[shiwan];
  51   1          du = 1;
  52   1          du = 0;
  53   1          delay(5);
  54   1          
C51 COMPILER V9.60.7.0   MAIN                                                              12/02/2023 10:52:57 PAGE 2   

  55   1          P0  = 0xf7;
  56   1          we = 1;
  57   1          we = 0;
  58   1          P0 = dula[wan];
  59   1          du = 1;
  60   1          du = 0;
  61   1          delay(5);
  62   1      
  63   1          P0  = 0xef;
  64   1          we = 1;
  65   1          we = 0;
  66   1          P0 = dula[qian];
  67   1          du = 1;
  68   1          du = 0;
  69   1          delay(5);
  70   1          
  71   1          
  72   1          P0  = 0xdf;
  73   1          we = 1;
  74   1          we = 0;
  75   1          P0 = dula[bai];
  76   1          du = 1;
  77   1          du = 0;
  78   1          delay(5);
  79   1          
  80   1          
  81   1          P0  = 0xbf;
  82   1          we = 1;
  83   1          we = 0;
  84   1          P0 = dula[shi];
  85   1          du = 1;
  86   1          du = 0;
  87   1          delay(5);
  88   1          
  89   1          
  90   1          P0  = 0x7f;
  91   1          we = 1;
  92   1          we = 0;
  93   1          P0 = dula[ge];
  94   1          du = 1;
  95   1          du = 0;
  96   1          delay(5);
  97   1      }
  98          
  99          
 100          
 101          
 102          void main()
 103          {
 104   1          dispiay(31415926);
 105   1      }


MODULE INFORMATION:   STATIC OVERLAYABLE
   CODE SIZE        =    436    ----
   CONSTANT SIZE    =     10    ----
   XDATA SIZE       =   ----    ----
   PDATA SIZE       =   ----    ----
   DATA SIZE        =   ----      11
   IDATA SIZE       =   ----    ----
   BIT SIZE         =   ----    ----
END OF MODULE INFORMATION.

C51 COMPILER V9.60.7.0   MAIN                                                              12/02/2023 10:52:57 PAGE 3   


C51 COMPILATION COMPLETE.  0 WARNING(S),  0 ERROR(S)
