C51 COMPILER V9.54   WORK                                                                  11/12/2023 13:49:41 PAGE 1   


C51 COMPILER V9.54, COMPILATION OF MODULE WORK
OBJECT MODULE PLACED IN .\Objects\work.obj
COMPILER INVOKED BY: D:\Èí¼þ°²×°\keil5\C51\BIN\C51.EXE work.c OPTIMIZE(8,SPEED) BROWSE DEBUG OBJECTEXTEND PRINT(.\Listin
                    -gs\work.lst) TABS(2) OBJECT(.\Objects\work.obj)

line level    source

   1          #include<reg52.h>
   2          #include<intrins.h>
   3          #define uchar unsigned char
   4          #define uint unsigned int
   5          uchar temp;
   6          
   7          void delay(uint z)
   8          {
   9   1        uint x,y;
  10   1        for(x = z; x > 0; x--)
  11   1          for(y = 114; y > 0 ; y--);
  12   1      }
  13          
  14          void main()
  15          {
  16   1        
  17   1        
  18   1        
  19   1        
  20   1        {
  21   2              temp = 0xf0;
  22   2              P1 = temp;
  23   2              delay(100);
  24   2              while(1)
  25   2            {
  26   3              temp = _crol_(temp,1);
  27   3              P1 = temp;
  28   3              delay(1000);
  29   3            }
  30   2        }
  31   1      }


MODULE INFORMATION:   STATIC OVERLAYABLE
   CODE SIZE        =     67    ----
   CONSTANT SIZE    =   ----    ----
   XDATA SIZE       =   ----    ----
   PDATA SIZE       =   ----    ----
   DATA SIZE        =      1    ----
   IDATA SIZE       =   ----    ----
   BIT SIZE         =   ----    ----
END OF MODULE INFORMATION.


C51 COMPILATION COMPLETE.  0 WARNING(S),  0 ERROR(S)
