C51 COMPILER V9.60.7.0   MAIN_C                                                            12/01/2023 21:19:24 PAGE 1   


C51 COMPILER V9.60.7.0, COMPILATION OF MODULE MAIN_C
OBJECT MODULE PLACED IN .\Objects\main.c.obj
COMPILER INVOKED BY: E:\Keil_v5\C51\BIN\C51.EXE main.c.c OPTIMIZE(8,SPEED) BROWSE DEBUG OBJECTEXTEND PRINT(.\Listings\ma
                    -in.c.lst) TABS(2) OBJECT(.\Objects\main.c.obj)

line level    source

   1          #include<reg52.h>
   2          #include<intrins.h>
   3          #define uchar unsigned char
   4          #define uint  unsigned int
   5          #define ulong unsigned long
   6          sbit DIO = P3^4;
   7          sbit S_CLK = P3^5;
   8          sbit O_CLK = P3^6;
   9          sbit du   = P2 ^ 6;
  10          sbit we   = P2 ^ 7;
  11          int i,j,n;
  12          int q = 18;
  13          int Key = 19;
  14          uchar k;
  15          uchar code dula[] = {0x3F, 0x06, 0x5B, 0x4F, 0x66, 0x6D, 0x7D, 0x07, 0x7F, 0x6F, 0x77, 0x7C, 0x39, 0x5E, 0
             -x79, 0x71, 0x76, 0x38, 0x40, 0x00};
  16          uchar code tabel[19][8]={
  17          0xFF,0xDD,0xDD,0xDD,0xC1,0xDD,0xDD,0xE3,//A
  18          0x87,0xBB,0xBB,0x87,0xBB,0xBB,0x87,0xFF,//B
  19          0xC7,0xBF,0xBF,0xBF,0xBF,0xBF,0xBF,0xC7,//C
  20          0x87,0xBB,0xBB,0xBB,0xBB,0xBB,0xBB,0x87,//D
  21          0xFF,0x87,0xBF,0xBF,0x87,0xBF,0xBF,0x87,//E
  22          0xFF,0xBF,0xBF,0xBF,0x87,0xBF,0xBF,0x87,//F
  23          0xFF,0xC7,0xBB,0xBB,0xA3,0xBF,0xBF,0xC3,//G
  24          0xFF,0xBB,0xBB,0xBB,0x83,0xBB,0xBB,0xBB,//H
  25          0xEF,0xEF,0xEF,0xEF,0xEF,0xEF,0xEF,0xEF,//I
  26          0xFF,0xCF,0xF7,0xF7,0xF7,0xF7,0xF7,0xFF,//J
  27          0xFF,0xDB,0xD7,0xD7,0xCF,0xD7,0xD7,0xDB,//K
  28          0xFF,0xE3,0xEF,0xEF,0xEF,0xEF,0xEF,0xEF,//L
  29          0xBB,0xBB,0xBB,0xAB,0xAB,0x93,0x93,0xBB,//M
  30          0xFF,0xB7,0xB7,0xA7,0xA7,0x97,0x97,0xB7,//N
  31          0xC7,0xBB,0xBB,0xBB,0xBB,0xBB,0xBB,0xC7,//O
  32          0xDF,0xDF,0xDF,0xDF,0xC3,0xDD,0xDD,0xC3,//P
  33          0xFF,0xFF,0xE0,0xDD,0xDD,0xDD,0xE3,0xFF,//Q
  34          0x7F,0x7D,0x7B,0x77,0x0F,0x77,0x77,0x0F,//R
  35          0xFF,0xFF,0xFF,0xFF,0xFF,0xFF,0xFF,0xFF //清屏
  36          };
  37          
  38          void delay(uint z)
  39          {
  40   1          uint x, y;
  41   1          for (x = z; x > 0; x--)
  42   1              for (y = 144; y > 0; y--);
  43   1      }
  44             
  45          
  46          void Send_Byte(uchar dat)//8位串行输入函数
  47          {
  48   1          for(i=0;i<8;i++)
  49   1          {
  50   2              S_CLK = 0;
  51   2              if(dat & 0x01)
  52   2              {
  53   3                  DIO = 1;
C51 COMPILER V9.60.7.0   MAIN_C                                                            12/01/2023 21:19:24 PAGE 2   

  54   3              }
  55   2              else
  56   2              {
  57   3                  DIO = 0;
  58   3              }
  59   2               S_CLK = 1;
  60   2                dat>>=1;
  61   2          }
  62   1      }
  63          
  64          
  65          void KeyDetection()
  66          {
  67   1          P3 = 0xf0;
  68   1          if(P3!=0xf0)
  69   1          {
  70   2              delay(10);
  71   2              if(P3!=0xf0)
  72   2              {
  73   3                  switch(P3)
  74   3                  {
  75   4                      case 0xe0:Key = 0;q = 0;break;
  76   4                      case 0xd0:Key = 1;q = 1;break;
  77   4                      case 0xb0:Key = 2;q = 2;break;
  78   4                      case 0x70:Key = 3;q = 3;break;
  79   4                  }
  80   3                  P3 = 0x0f;
  81   3                  switch(P3)
  82   3                  {
  83   4                      case 0x0e:Key =Key;q = q;break;
  84   4                      case 0x0d:Key = Key+4;q = q+4;break;
  85   4                      case 0x0b:Key = Key+8;q = q+8;break;
  86   4                      case 0x07:Key = Key+12;q = q+12;break;
  87   4                  }
  88   3                  while(P3!=0X0f);
  89   3              }
  90   2          }
  91   1          P3 = 0xff;
  92   1          if(P3!=0xff)
  93   1          {
  94   2                  delay(10);
  95   2                  if(P3!=0xff)
  96   2                  {
  97   3                      switch(P3)
  98   3                      {
  99   4                          case 0xfe:Key = 16;q = 16;break;
 100   4                          case 0xfd:Key = 17;q = 17;break;
 101   4                          case 0xfb:Key = 18;q = 18;break;
 102   4                          case 0xf7:Key = 19;q = 19;break;
 103   4                      }
 104   3                      while(P3!=0xff);
 105   3                  }
 106   2          }
 107   1      }
 108          
 109          
 110          void dispiay(ulong m)
 111          {
 112   1      uchar qianwan,baiwan,shiwan,wan,qian,bai,shi,ge;
 113   1      qianwan = m/10000000;
 114   1      baiwan  = m%10000000/1000000;
 115   1      shiwan = m%1000000/100000;
C51 COMPILER V9.60.7.0   MAIN_C                                                            12/01/2023 21:19:24 PAGE 3   

 116   1      wan = m%100000/10000;
 117   1      qian = m%10000/1000;
 118   1      bai = m%1000/100;
 119   1      shi = m%100/10;
 120   1      ge = m%10;
 121   1          du = 0;
 122   1          we = 0;
 123   1          delay(5);
 124   1          
 125   1          P0 = 0XFE;
 126   1          we = 1;
 127   1          we = 0;
 128   1          P0 = dula[qianwan];
 129   1          du = 1;
 130   1          du = 0;
 131   1          delay(5);
 132   1          
 133   1          P0  = 0xfd;
 134   1          we = 1;
 135   1          we = 0;
 136   1          P0 = dula[baiwan];
 137   1          du = 1;
 138   1          du = 0;
 139   1          delay(5);
 140   1          
 141   1          P0  = 0xfb;
 142   1          we = 1;
 143   1          we = 0;
 144   1          P0 = dula[shiwan];
 145   1          du = 1;
 146   1          du = 0;
 147   1          delay(5);
 148   1          
 149   1          P0  = 0xf7;
 150   1          we = 1;
 151   1          we = 0;
 152   1          P0 = dula[wan];
 153   1          du = 1;
 154   1          du = 0;
 155   1          delay(5);
 156   1      
 157   1          P0  = 0xef;
 158   1          we = 1;
 159   1          we = 0;
 160   1          P0 = dula[qian];
 161   1          du = 1;
 162   1          du = 0;
 163   1          delay(5);
 164   1          
 165   1          
 166   1          P0  = 0xdf;
 167   1          we = 1;
 168   1          we = 0;
 169   1          P0 = dula[bai];
 170   1          du = 1;
 171   1          du = 0;
 172   1          delay(5);
 173   1          
 174   1          
 175   1          P0  = 0xbf;
 176   1          we = 1;
 177   1          we = 0;
C51 COMPILER V9.60.7.0   MAIN_C                                                            12/01/2023 21:19:24 PAGE 4   

 178   1          P0 = dula[shi];
 179   1          du = 1;
 180   1          du = 0;
 181   1          delay(5);
 182   1          
 183   1          
 184   1          P0  = 0x7f;
 185   1          we = 1;
 186   1          we = 0;
 187   1          P0 = dula[ge];
 188   1          du = 1;
 189   1          du = 0;
 190   1          delay(5);
 191   1      }
 192          
 193          void LatticeScreen()
 194          {
 195   1           k = 0x80;
 196   1        for(j=0;j<8;j++)
 197   1          {
 198   2              O_CLK = 0;
 199   2              KeyDetection();
 200   2              Send_Byte(tabel[q][j]);//一定要记住q是依据按键变化的，这部分我还没写
 201   2              Send_Byte(k);
 202   2              O_CLK = 1;
 203   2              k = _cror_(k,1);
 204   2          }
 205   1      }
 206          
 207          
 208          //void NixieTube()
 209          //{
 210          //     P0 = 0xfe;
 211          //    we = 1;
 212          //    we = 0;
 213          //    du = 1;
 214          //    while(1)
 215          //   {
 216          //        KeyDetection();
 217          //        P0 = dula[Key];
 218          //    }
 219          //}
 220          
 221          
 222          void main()
 223          {
 224   1          dispiay(31415926);
 225   1      }


MODULE INFORMATION:   STATIC OVERLAYABLE
   CODE SIZE        =    841    ----
   CONSTANT SIZE    =    172    ----
   XDATA SIZE       =   ----    ----
   PDATA SIZE       =   ----    ----
   DATA SIZE        =     11      11
   IDATA SIZE       =   ----    ----
   BIT SIZE         =   ----    ----
END OF MODULE INFORMATION.


C51 COMPILATION COMPLETE.  0 WARNING(S),  0 ERROR(S)
