C51 COMPILER V9.60.7.0   MAIN                                                              03/06/2024 19:30:28 PAGE 1   


C51 COMPILER V9.60.7.0, COMPILATION OF MODULE MAIN
OBJECT MODULE PLACED IN .\Objects\main.obj
COMPILER INVOKED BY: E:\Keil_v5\C51\BIN\C51.EXE main.c OPTIMIZE(8,SPEED) BROWSE DEBUG OBJECTEXTEND PRINT(.\Listings\main
                    -.lst) TABS(2) OBJECT(.\Objects\main.obj)

line level    source

   1          #include <reg52.h>
   2          #include <intrins.h>
   3          
   4          #define uchar unsigned char
   5          #define uint unsigned int
   6          #define ulong unsigned long
   7          
   8          sbit DU = P2 ^ 6;
   9          sbit WE = P2 ^ 7;
  10          
  11          sbit S2 = P3 ^ 0;
  12          sbit S3 = P3 ^ 1;
  13          sbit S4 = P3 ^ 2;
  14          sbit S5 = P3 ^ 3;
  15          
  16          ulong code dula[10] = {
  17              0x3F,
  18              0x06,
  19              0x5B,
  20              0x4F,
  21              0x66,
  22              0x6D,
  23              0x7D,
  24              0x07,
  25              0x7F,
  26              0x6F,
  27          };
  28          
  29          void delay(uint i)
  30          {
  31   1          int x, y;
  32   1          for (x = i; x > 0; x--)
  33   1              for (y = 144; y > 0; y--)
  34   1                  ;
  35   1      }
  36          
  37          void displayer(ulong z)
  38          {
  39   1          int qianwan = z / 10000000;
  40   1          int baiwan = z % 10000000 / 1000000;
  41   1          int shiwan = z % 1000000 / 100000;
  42   1          int wan = z % 100000 / 10000;
  43   1          int qian = z % 10000 / 1000;
  44   1          int bai = z % 1000 / 100;
  45   1          int shi = z % 100 / 10;
  46   1          int ge = z % 10;
  47   1      
  48   1          uint nu;
  49   1      
  50   1          uint k;
  51   1      
  52   1          uint j = 0xfe;
  53   1      
  54   1          for (k = 0; k < 8; k++)
C51 COMPILER V9.60.7.0   MAIN                                                              03/06/2024 19:30:28 PAGE 2   

  55   1          {
  56   2              switch (k)
  57   2              {
  58   3              case 0:
  59   3                  nu = qianwan;
  60   3                  break;
  61   3              case 1:
  62   3                  nu = baiwan;
  63   3                  break;
  64   3              case 2:
  65   3                  nu = shiwan;
  66   3                  break;
  67   3              case 3:
  68   3                  nu = wan;
  69   3                  break;
  70   3              case 4:
  71   3                  nu = qian;
  72   3                  break;
  73   3              case 5:
  74   3                  nu = bai;
  75   3                  break;
  76   3              case 6:
  77   3                  nu = shi;
  78   3                  break;
  79   3              case 7:
  80   3                  nu = ge;
  81   3                  break;
  82   3              }
  83   2      
  84   2              P0 = 0xff;
  85   2              WE = 1;
  86   2              WE = 0;
  87   2      
  88   2              P0 = dula[nu];
  89   2              DU = 1;
  90   2              DU = 0;
  91   2      
  92   2              P0 = j;
  93   2              WE = 1;
  94   2              WE = 0;
  95   2      
  96   2              delay(1);
  97   2      
  98   2              j = _crol_(j, 1);
  99   2          }
 100   1      }
 101          
 102          void main()
 103          {
 104   1          ulong number = 12345678;
 105   1          while (1)
 106   1          {
 107   2              if (0 == S2)
 108   2              {
 109   3                  delay(5);
 110   3                  if (0 == S2 && number >= 0)
 111   3                  {
 112   4                      number--;
 113   4                      while (!S2)
 114   4                          ;
 115   4                  }
 116   3              }
C51 COMPILER V9.60.7.0   MAIN                                                              03/06/2024 19:30:28 PAGE 3   

 117   2              if (0 == S3)
 118   2              {
 119   3                  delay(5);
 120   3                  if (0 == S3 && number <= 99999999)
 121   3                  {
 122   4                      number++;
 123   4                      while (!S3)
 124   4                          ;
 125   4                  }
 126   3              }
 127   2              if (0 == S4)
 128   2              {
 129   3                  delay(5);
 130   3                  if (0 == S4)
 131   3                  {
 132   4                      number = 0;
 133   4                      while (!S4)
 134   4                          ;
 135   4                  }
 136   3              }
 137   2              if (0 == S5)
 138   2              {
 139   3                  delay(5);
 140   3                  if (0 == S5 && number >= 0)
 141   3                  {
 142   4                      number = 99999999;
 143   4                      while (!S5)
 144   4                          ;
 145   4                  }
 146   3              }
 147   2              displayer(number);
 148   2          }
 149   1      }


MODULE INFORMATION:   STATIC OVERLAYABLE
   CODE SIZE        =    720    ----
   CONSTANT SIZE    =     40    ----
   XDATA SIZE       =   ----    ----
   PDATA SIZE       =   ----    ----
   DATA SIZE        =   ----      28
   IDATA SIZE       =   ----    ----
   BIT SIZE         =   ----    ----
END OF MODULE INFORMATION.


C51 COMPILATION COMPLETE.  0 WARNING(S),  0 ERROR(S)
