C51 COMPILER V9.60.7.0   MAIN                                                              12/02/2023 11:14:46 PAGE 1   


C51 COMPILER V9.60.7.0, COMPILATION OF MODULE MAIN
OBJECT MODULE PLACED IN .\Objects\main.obj
COMPILER INVOKED BY: E:\Keil_v5\C51\BIN\C51.EXE main.c OPTIMIZE(8,SPEED) BROWSE DEBUG OBJECTEXTEND PRINT(.\Listings\main
                    -.lst) TABS(2) OBJECT(.\Objects\main.obj)

line level    source

   1          #include <reg52.h>
   2          #include<intrins.h>
   3          #define uchar unsigned char
   4          #define uint  unsigned int
   5          sbit DIO = P3^4;
   6          sbit S_CLK = P3^5;
   7          sbit O_CLK = P3^6;
   8          uchar q = 18;
   9          int i,j;
  10          uchar k;
  11          
  12          uchar code tabel[19][8]={
  13          0xFF,0xDD,0xDD,0xDD,0xC1,0xDD,0xDD,0xE3,//A
  14          0x87,0xBB,0xBB,0x87,0xBB,0xBB,0x87,0xFF,//B
  15          0xC7,0xBF,0xBF,0xBF,0xBF,0xBF,0xBF,0xC7,//C
  16          0x87,0xBB,0xBB,0xBB,0xBB,0xBB,0xBB,0x87,//D
  17          0xFF,0x87,0xBF,0xBF,0x87,0xBF,0xBF,0x87,//E
  18          0xFF,0xBF,0xBF,0xBF,0x87,0xBF,0xBF,0x87,//F
  19          0xFF,0xC7,0xBB,0xBB,0xA3,0xBF,0xBF,0xC3,//G
  20          0xFF,0xBB,0xBB,0xBB,0x83,0xBB,0xBB,0xBB,//H
  21          0xEF,0xEF,0xEF,0xEF,0xEF,0xEF,0xEF,0xEF,//I
  22          0xFF,0xCF,0xF7,0xF7,0xF7,0xF7,0xF7,0xFF,//J
  23          0xFF,0xDB,0xD7,0xD7,0xCF,0xD7,0xD7,0xDB,//K
  24          0xFF,0xE3,0xEF,0xEF,0xEF,0xEF,0xEF,0xEF,//L
  25          0xBB,0xBB,0xBB,0xAB,0xAB,0x93,0x93,0xBB,//M
  26          0xFF,0xB7,0xB7,0xA7,0xA7,0x97,0x97,0xB7,//N
  27          0xC7,0xBB,0xBB,0xBB,0xBB,0xBB,0xBB,0xC7,//O
  28          0xDF,0xDF,0xDF,0xDF,0xC3,0xDD,0xDD,0xC3,//P
  29          0xFF,0xFF,0xE0,0xDD,0xDD,0xDD,0xE3,0xFF,//Q
  30          0x7F,0x7D,0x7B,0x77,0x0F,0x77,0x77,0x0F,//R
  31          0xFF,0xFF,0xFF,0xFF,0xFF,0xFF,0xFF,0xFF //清屏
  32          };
  33          
  34          
  35          void delay(uint z)
  36          {
  37   1          uint x, y;
  38   1          for (x = z; x > 0; x--)
  39   1              for (y = 144; y > 0; y--);
  40   1      }
  41             
  42          void Send_Byte(uchar dat)//8位串行输入函数
  43          {
  44   1          for(i=0;i<8;i++)
  45   1          {
  46   2              S_CLK = 0;
  47   2              if(dat & 0x01)
  48   2              {
  49   3                  DIO = 1;
  50   3              }
  51   2              else
  52   2              {
  53   3                  DIO = 0;
  54   3              }
C51 COMPILER V9.60.7.0   MAIN                                                              12/02/2023 11:14:46 PAGE 2   

  55   2               S_CLK = 1;
  56   2                dat>>=1;
  57   2          }
  58   1      }
  59          
  60          
  61          void KeyValue()
  62          {
  63   1          P3 = 0xf0;
  64   1          if (P3 != 0xf0) {
  65   2              delay(10);
  66   2              if (P3 != 0xf0) {
  67   3                  switch (P3) {
  68   4                      case 0xe0:q = 0;break;
  69   4                      case 0xd0:q = 1;break;
  70   4                      case 0xb0:q = 2;break;
  71   4                      case 0x70:q = 3;break;
  72   4                  }    
  73   3                      
  74   3                      P3 = 0x0f;
  75   3                      switch(P3)
  76   3                      {
  77   4                          case 0x0e:q =q;break;
  78   4                          case 0x0d:q = q+4;break;
  79   4                          case 0x0b:q = q+8;break;
  80   4                          case 0x07:q = q+12;break;
  81   4                      }
  82   3                      while(P3!=0x0f);
  83   3              }
  84   2          }
  85   1              P3 = 0xff;
  86   1              if(P3!=0xff)
  87   1              {
  88   2      
  89   2                  delay(10);
  90   2                  if(P3!=0xff)
  91   2                  {
  92   3                      switch(P3)
  93   3                      {
  94   4                          case 0xfe:q = 16;break;
  95   4                          case 0xfd:q = 17;break;
  96   4                          case 0xfb:q = 18;break;
  97   4                          case 0xf7:q = 19;break;
  98   4                      }
  99   3                      while(P3!=0xff);
 100   3                  }
 101   2              }
 102   1      
 103   1      }
 104          
 105               
 106          
 107          void main()
 108          {    
 109   1       k = 0x80;
 110   1        for(j=0;j<8;j++)
 111   1          {
 112   2              O_CLK = 0;
 113   2              KeyValue();
 114   2              Send_Byte(tabel[q][j]);//一定要记住q是依据按键变化的，这部分我还没写
 115   2              Send_Byte(k);
 116   2              O_CLK = 1;
C51 COMPILER V9.60.7.0   MAIN                                                              12/02/2023 11:14:46 PAGE 3   

 117   2              k = _cror_(k,1);
 118   2          }
 119   1              
 120   1      }


MODULE INFORMATION:   STATIC OVERLAYABLE
   CODE SIZE        =    315    ----
   CONSTANT SIZE    =    152    ----
   XDATA SIZE       =   ----    ----
   PDATA SIZE       =   ----    ----
   DATA SIZE        =      6    ----
   IDATA SIZE       =   ----    ----
   BIT SIZE         =   ----    ----
END OF MODULE INFORMATION.


C51 COMPILATION COMPLETE.  0 WARNING(S),  0 ERROR(S)
