C51 COMPILER V9.54   3_WATERFALL_LIGHT                                                     11/05/2023 19:35:31 PAGE 1   


C51 COMPILER V9.54, COMPILATION OF MODULE 3_WATERFALL_LIGHT
OBJECT MODULE PLACED IN .\Objects\3-waterfall light.obj
COMPILER INVOKED BY: D:\Èí¼þ°²×°\keil5\C51\BIN\C51.EXE 3-waterfall light.c OPTIMIZE(8,SPEED) BROWSE DEBUG OBJECTEXTEND P
                    -RINT(.\Listings\3-waterfall light.lst) TABS(2) OBJECT(.\Objects\3-waterfall light.obj)

line level    source

   1          #include<reg52.h>
   2          #include <intrins.h>
   3          #define uint unsigned int
   4          #define uchar unsigned char
   5          
   6          uint temp;
   7          
   8          void delay(uint z)
   9          {
  10   1          uint x, y;
  11   1          for(x = z; x>0;x--)
  12   1          for(y = 114;y>0;y--);
  13   1      }
  14          
  15          
  16          
  17          void main()
  18          {
  19   1          temp = 0xfe;
  20   1          P1 = temp;
  21   1          delay(100);
  22   1          while(1)
  23   1          {
  24   2            temp = _crol_(temp,1);
  25   2            P1 = temp;
  26   2          delay(100);
  27   2          }
  28   1      }


MODULE INFORMATION:   STATIC OVERLAYABLE
   CODE SIZE        =     73    ----
   CONSTANT SIZE    =   ----    ----
   XDATA SIZE       =   ----    ----
   PDATA SIZE       =   ----    ----
   DATA SIZE        =      2    ----
   IDATA SIZE       =   ----    ----
   BIT SIZE         =   ----    ----
END OF MODULE INFORMATION.


C51 COMPILATION COMPLETE.  0 WARNING(S),  0 ERROR(S)
