C51 COMPILER V9.60.7.0   MAIN                                                              12/02/2023 10:50:29 PAGE 1   


C51 COMPILER V9.60.7.0, COMPILATION OF MODULE MAIN
OBJECT MODULE PLACED IN .\Objects\main.obj
COMPILER INVOKED BY: E:\Keil_v5\C51\BIN\C51.EXE main.c OPTIMIZE(8,SPEED) BROWSE DEBUG OBJECTEXTEND PRINT(.\Listings\main
                    -.lst) TABS(2) OBJECT(.\Objects\main.obj)

line level    source

   1          #include<reg52.h>
   2          #define uchar unsigned char
   3          #define uint  unsigned int
   4          sbit du   = P2 ^ 6;
   5          sbit we   = P2 ^ 7;
   6          int i;
   7          uchar code dula[] = {0x3F, 0x06, 0x5B, 0x4F, 0x66, 0x6D, 0x7D, 0x07, 0x7F, 0x6F};
   8          
   9          void delay(uint z)
  10          {
  11   1          uint x, y;
  12   1          for (x = z; x > 0; x--)
  13   1              for (y = 144; y > 0; y--);
  14   1      }
  15             
  16          
  17             void main()
  18             {
  19   1        for(i=0;i<10;i++)
  20   1          {
  21   2              du = 0;
  22   2          we = 0;
  23   2          delay(5);
  24   2          
  25   2          P0 = 0XFE;
  26   2          we = 1;
  27   2          we = 0;
  28   2          P0 = dula[i];
  29   2          du = 1;
  30   2          du = 0;
  31   2          delay(5);
  32   2          delay(200);
  33   2          }
  34   1         }


MODULE INFORMATION:   STATIC OVERLAYABLE
   CODE SIZE        =    107    ----
   CONSTANT SIZE    =     10    ----
   XDATA SIZE       =   ----    ----
   PDATA SIZE       =   ----    ----
   DATA SIZE        =      2    ----
   IDATA SIZE       =   ----    ----
   BIT SIZE         =   ----    ----
END OF MODULE INFORMATION.


C51 COMPILATION COMPLETE.  0 WARNING(S),  0 ERROR(S)
