C51 COMPILER V9.60.7.0   MAIN                                                              04/15/2024 09:53:27 PAGE 1   


C51 COMPILER V9.60.7.0, COMPILATION OF MODULE MAIN
OBJECT MODULE PLACED IN .\Objects\main.obj
COMPILER INVOKED BY: E:\Keil_v5\C51\BIN\C51.EXE main.c OPTIMIZE(8,SPEED) BROWSE DEBUG OBJECTEXTEND PRINT(.\Listings\main
                    -.lst) TABS(2) OBJECT(.\Objects\main.obj)

line level    source

   1          #include<reg52.h>
   2          #include<intrins.h>
   3          
   4          #define uchar unsigned char
   5          #define uint unsigned int
   6          
   7          
   8          //延迟函数
   9          void delay(unsigned char z)
  10          {
  11   1          uchar x,y;
  12   1          for(x = 0; x < z; x++)
  13   1          {
  14   2              for(y = 0; y < 144; y++);
  15   2          }
  16   1      }
  17          
  18          void main()
  19          {
  20   1         uint push;
  21   1          push = 0xfe;
  22   1          while(1)
  23   1          {
  24   2              P1 = push;
  25   2              push = _crol_(push,1);
  26   2              delay(200);
  27   2          }
  28   1      }


MODULE INFORMATION:   STATIC OVERLAYABLE
   CODE SIZE        =     44    ----
   CONSTANT SIZE    =   ----    ----
   XDATA SIZE       =   ----    ----
   PDATA SIZE       =   ----    ----
   DATA SIZE        =   ----    ----
   IDATA SIZE       =   ----    ----
   BIT SIZE         =   ----    ----
END OF MODULE INFORMATION.


C51 COMPILATION COMPLETE.  0 WARNING(S),  0 ERROR(S)
