C51 COMPILER V9.54   ____2323______                                                        11/12/2023 16:06:52 PAGE 1   


C51 COMPILER V9.54, COMPILATION OF MODULE ____2323______
OBJECT MODULE PLACED IN .\Objects\电子2323刘家乐.obj
COMPILER INVOKED BY: D:\软件安装\keil5\C51\BIN\C51.EXE 电子2323刘家乐.c OPTIMIZE(8,SPEED) BROWSE DEBUG OBJECTEXTEND PRIN
                    -T(.\Listings\电子2323刘家乐.lst) TABS(2) OBJECT(.\Objects\电子2323刘家乐.obj)

line level    source

   1          #include<reg52.h>
   2          #include<intrins.h>
   3          #define uchar unsigned char
   4          #define uint unsigned int
   5          sbit LED1 = P1^0;
   6          sbit LED2 = P1^1;
   7          sbit LED3 = P1^2;
   8          sbit LED4 = P1^3;
   9          sbit LED5 = P1^4;
  10          sbit LED6 = P1^5;
  11          sbit LED7 = P1^6;
  12          sbit LED8 = P1^7;
  13          sbit buzzer = P2^3;
  14          sbit S1 = P3^0;
  15          sbit S2 = P3^1;
  16          sbit S3 = P3^2;
  17          sbit S4 = P3^3;
  18          void delay(uint z)
  19          {
  20   1        uint x,y;
  21   1        for(x = z; x > 0; x--)
  22   1          for(y = 114; y > 0 ; y--);
  23   1      }
  24          
  25          void main()
  26          {
  27   1          
  28   1           P1 = 0xff;
  29   1           buzzer = 0;
  30   1           delay(100);
  31   1           buzzer = 1;
  32   1          
  33   1      
  34   1          if(S1 == 0)
  35   1          {
  36   2          LED1 = 0;
  37   2          LED3 = 0;
  38   2          LED5 = 0;
  39   2          LED7 = 0;
  40   2          }
  41   1          if(S2 == 0)
  42   1          {
  43   2          uint a;
  44   2          uint b;
  45   2          
  46   2          a = 0xfe;
  47   2          b = 8; 
  48   2          delay(100);
  49   2            while(b)
  50   2            {
  51   3            a = _crol_(a,1);
  52   3            P1 = a;
  53   3            delay(100);
  54   3            b = b--;
C51 COMPILER V9.54   ____2323______                                                        11/12/2023 16:06:52 PAGE 2   

  55   3            }   
  56   2          }
  57   1      
  58   1      
  59   1          P1 = 0;
  60   1          if(S3 == 0)
  61   1          {
  62   2          P1 = 0X80;
  63   2          delay(2000);
  64   2          P1 = 0Xc0;
  65   2          delay(2000);
  66   2          P1 = 0Xe0;
  67   2          delay(2000);
  68   2          P1 = 0Xf0;
  69   2          delay(2000);
  70   2          P1 = 0Xf8;
  71   2          delay(2000);
  72   2          P1 = 0Xfc;
  73   2          delay(2000);
  74   2          P1 = 0Xfe;
  75   2          delay(2000);
  76   2          P1 = 0Xff;
  77   2          delay(2000);
  78   2          
  79   2          }
  80   1      
  81   1          
  82   1          
  83   1          /*uint n;
  84   1          uint d;
  85   1          d = 0X80;
  86   1          n = 1;
  87   1          P1 = d;
  88   1          if(s4 == 0)
  89   1            
  90   1          {
  91   1          d = _cror_(d,n+2);
  92   1          P1 = d;
  93   1          buzzer = 0;
  94   1          delay(50)
  95   1          n = n++;
  96   1          }*/
  97   1          
  98   1      
  99   1      }


MODULE INFORMATION:   STATIC OVERLAYABLE
   CODE SIZE        =    182    ----
   CONSTANT SIZE    =   ----    ----
   XDATA SIZE       =   ----    ----
   PDATA SIZE       =   ----    ----
   DATA SIZE        =   ----       4
   IDATA SIZE       =   ----    ----
   BIT SIZE         =   ----    ----
END OF MODULE INFORMATION.


C51 COMPILATION COMPLETE.  0 WARNING(S),  0 ERROR(S)
