C51 COMPILER V9.60.7.0   MAIN                                                              12/04/2023 20:27:28 PAGE 1   


C51 COMPILER V9.60.7.0, COMPILATION OF MODULE MAIN
OBJECT MODULE PLACED IN .\Objects\main.obj
COMPILER INVOKED BY: E:\Keil_v5\C51\BIN\C51.EXE main.c OPTIMIZE(8,SPEED) BROWSE DEBUG OBJECTEXTEND PRINT(.\Listings\main
                    -.lst) TABS(2) OBJECT(.\Objects\main.obj)

line level    source

   1          #include<reg52.h>
   2          
   3          #define uint unsigned int
   4          #define uchar unsigned char
   5          
   6          sbit KeyS2 = P3^0;
   7          sbit flag = P3^7;
   8          
   9          void delay(uint z)
  10          {
  11   1          uint x,y;
  12   1          for(x=z;x>0;x--)
  13   1          for(y=144;y>0;y--);
  14   1      }
  15          
  16          void InterruptInitialization()
  17          {
  18   1          EA = 1;
  19   1          EX1 = 1;
  20   1          IT1 = 1;
  21   1      }
  22          
  23          void int1() interrupt 2
  24          {
  25   1          P1 = ~P1;
  26   1      }
  27          
  28          void main()
  29          {
  30   1          InterruptInitialization();
  31   1          P1 = 0x3c;//1100 0011
  32   1          if(KeyS2==0)
  33   1          {
  34   2              delay(15);
  35   2              if(KeyS2==0)
  36   2              {
  37   3                  flag = 1;
  38   3                  delay(2);
  39   3                  flag = 0;
  40   3                  while(!KeyS2);
  41   3              }
  42   2          }
  43   1      }
  44          


MODULE INFORMATION:   STATIC OVERLAYABLE
   CODE SIZE        =     75    ----
   CONSTANT SIZE    =   ----    ----
   XDATA SIZE       =   ----    ----
   PDATA SIZE       =   ----    ----
   DATA SIZE        =   ----    ----
   IDATA SIZE       =   ----    ----
   BIT SIZE         =   ----    ----
C51 COMPILER V9.60.7.0   MAIN                                                              12/04/2023 20:27:28 PAGE 2   

END OF MODULE INFORMATION.


C51 COMPILATION COMPLETE.  0 WARNING(S),  0 ERROR(S)
