C51 COMPILER V9.54   ________                                                              11/14/2023 21:07:01 PAGE 1   


C51 COMPILER V9.54, COMPILATION OF MODULE ________
OBJECT MODULE PLACED IN .\Objects\独立键盘.obj
COMPILER INVOKED BY: D:\软件安装\keil5\C51\BIN\C51.EXE 独立键盘.c OPTIMIZE(8,SPEED) BROWSE DEBUG OBJECTEXTEND PRINT(.\Li
                    -stings\独立键盘.lst) TABS(2) OBJECT(.\Objects\独立键盘.obj)

line level    source

   1          #include<reg52.h>
   2          #define uchar unsigned char
   3          #define uint unsigned int
   4          #define ulong unsigned long
   5          sbit S2 = P3^0;
   6          sbit S3 = P3^1;
   7          sbit S4 = P3^2;
   8          sbit S5 = P3^3;
   9          uchar  code dula [10]= {0x3F, 0x06, 0x5B, 0x4F, 0x66, 0x6D, 0x7D, 0x07, 0x7F, 0x6F,};
  10          
  11          sbit we = P2^7;
  12          sbit du = P2^6;
  13          void delay(uint z)
  14          {
  15   1        uint x,y;
  16   1        for(x = z; x > 0; x--)
  17   1          for(y = 114; y > 0 ; y--);    
  18   1      } 
  19          ulong i;
  20          void dispiay(ulong i)
  21          {
  22   1      uchar qianwan,baiwan,shiwan,wan,qian,bai,shi,ge;
  23   1      qianwan = i/10000000;
  24   1      baiwan  = i%10000000/1000000;
  25   1      shiwan = i%1000000/100000;
  26   1      wan = i%100000/10000;
  27   1      qian = i%10000/1000;
  28   1      bai = i%1000/100;
  29   1      shi = i%100/10;
  30   1      ge = i%10;
  31   1          du = 0;
  32   1          we = 0;
  33   1          delay(5);
  34   1          
  35   1          P0 = 0XFE;
  36   1          we = 1;
  37   1          we = 0;
  38   1          P0 = dula[qianwan];
  39   1          du = 1;
  40   1          du = 0;
  41   1          delay(5);
  42   1          
  43   1          P0  = 0xfd;
  44   1          we = 1;
  45   1          we = 0;
  46   1          P0 = dula[baiwan];
  47   1          du = 1;
  48   1          du = 0;
  49   1          delay(5);
  50   1          
  51   1          P0  = 0xfb;
  52   1          we = 1;
  53   1          we = 0;
  54   1          P0 = dula[shiwan];
C51 COMPILER V9.54   ________                                                              11/14/2023 21:07:01 PAGE 2   

  55   1          du = 1;
  56   1          du = 0;
  57   1          delay(5);
  58   1          
  59   1          P0  = 0xf7;
  60   1          we = 1;
  61   1          we = 0;
  62   1          P0 = dula[wan];
  63   1          du = 1;
  64   1          du = 0;
  65   1          delay(5);
  66   1      
  67   1          P0  = 0xef;
  68   1          we = 1;
  69   1          we = 0;
  70   1          P0 = dula[qian];
  71   1          du = 1;
  72   1          du = 0;
  73   1          delay(5);
  74   1          
  75   1          
  76   1          P0  = 0xdf;
  77   1          we = 1;
  78   1          we = 0;
  79   1          P0 = dula[bai];
  80   1          du = 1;
  81   1          du = 0;
  82   1          delay(5);
  83   1          
  84   1          
  85   1          P0  = 0xbf;
  86   1          we = 1;
  87   1          we = 0;
  88   1          P0 = dula[shi];
  89   1          du = 1;
  90   1          du = 0;
  91   1          delay(5);
  92   1          
  93   1          
  94   1          P0  = 0x7f;
  95   1          we = 1;
  96   1          we = 0;
  97   1          P0 = dula[ge];
  98   1          du = 1;
  99   1          du = 0;
 100   1          delay(5);
 101   1      }
 102          
 103          
 104          
 105          
 106          void main()
 107          {
 108   1        i = 31415926;
 109   1        while(1)
 110   1        {   
 111   2            
 112   2            
 113   2            if(S2 == 0)//判断S2是否被按下
 114   2            {
 115   3              delay(20);//按键消抖
 116   3                if(S2 == 0)
C51 COMPILER V9.54   ________                                                              11/14/2023 21:07:01 PAGE 3   

 117   3                {
 118   4                  if(i>0)//如果大于0则执行减一
 119   4                  i--;
 120   4                  while(!S2);//松手检测
 121   4                }
 122   3            }
 123   2          
 124   2            if(S3 == 0)//判断S3是否被按下
 125   2            {
 126   3              delay(20);
 127   3                if(S3 == 0)
 128   3                {
 129   4                  if(i<99999999)//如果小于99999999则执行加一
 130   4                  i++;
 131   4                  while(!S3);
 132   4                }
 133   3            }
 134   2          dispiay(i); 
 135   2        }
 136   1      }


MODULE INFORMATION:   STATIC OVERLAYABLE
   CODE SIZE        =    569    ----
   CONSTANT SIZE    =     10    ----
   XDATA SIZE       =   ----    ----
   PDATA SIZE       =   ----    ----
   DATA SIZE        =      4      11
   IDATA SIZE       =   ----    ----
   BIT SIZE         =   ----    ----
END OF MODULE INFORMATION.


C51 COMPILATION COMPLETE.  0 WARNING(S),  0 ERROR(S)
