C51 COMPILER V9.54   2_WATERFALL_LIGHT                                                     10/29/2023 20:45:35 PAGE 1   


C51 COMPILER V9.54, COMPILATION OF MODULE 2_WATERFALL_LIGHT
OBJECT MODULE PLACED IN .\Objects\2-waterfall light.obj
COMPILER INVOKED BY: D:\Èí¼þ°²×°\keil5\C51\BIN\C51.EXE 2-waterfall light.c OPTIMIZE(8,SPEED) BROWSE DEBUG OBJECTEXTEND P
                    -RINT(.\Listings\2-waterfall light.lst) TABS(2) OBJECT(.\Objects\2-waterfall light.obj)

line level    source

   1          #include <reg52.h>
   2          #include <intrins.h>
   3          #define uint unsigned int
   4          #define uchar unsigned char
   5          
   6          void delay(unsigned int z)
   7          {
   8   1          unsigned int x,y;
   9   1          for(x = z; x > o; x--)
*** ERROR C202 IN LINE 9 OF 2-waterfall light.c: 'o': undefined identifier
  10   1          for(y = 114; y > 0; y--);
  11   1      }
  12          
  13          void main()
  14          {
  15   1                while(1)
  16   1                {
  17   2                  delay(100);
  18   2                  
  19   2                }
  20   1      
  21   1      
  22   1      
  23   1      
  24   1      
  25   1      
  26   1      }

C51 COMPILATION COMPLETE.  0 WARNING(S),  1 ERROR(S)
