C51 COMPILER V9.60.7.0   MAIN                                                              02/26/2024 15:33:34 PAGE 1   


C51 COMPILER V9.60.7.0, COMPILATION OF MODULE MAIN
OBJECT MODULE PLACED IN .\Objects\main.obj
COMPILER INVOKED BY: E:\Keil_v5\C51\BIN\C51.EXE main.c OPTIMIZE(8,SPEED) BROWSE DEBUG OBJECTEXTEND PRINT(.\Listings\main
                    -.lst) TABS(2) OBJECT(.\Objects\main.obj)

line level    source

   1          #include<reg52.h>
   2          sbit LED1 = P1^0;
   3          sbit LED2 = P1^1;
   4          sbit LED3 = P1^2;
   5          sbit LED4 = P1^3;
   6          sbit LED5 = P1^4;
   7          sbit LED6 = P1^5;
   8          sbit LED7 = P1^6;
   9          sbit LED8 = P1^7;
  10          unsigned int i;
  11          void main()
  12          {
  13   1          while(1)
  14   1          {
  15   2          LED1 = 0;
  16   2          i = 65435;
  17   2          while(i--);
  18   2      
  19   2          LED2 = 0;
  20   2          i = 65435;
  21   2          while(i--);
  22   2      
  23   2          LED3 = 0;
  24   2          i = 65435;
  25   2          while(i--);
  26   2      
  27   2          LED4 = 0;
  28   2          i = 65435;
  29   2          while(i--);
  30   2      
  31   2          LED5 = 0;
  32   2          i = 65435;
  33   2          while(i--);
  34   2      
  35   2          LED6 = 0;
  36   2          i = 65435;
  37   2          while(i--);
  38   2      
  39   2          LED7 = 0;
  40   2          i = 65435;
  41   2          while(i--);
  42   2      
  43   2          LED8 = 0;
  44   2          i = 65435;
  45   2          while(i--);
  46   2      
  47   2          P1 = 0xff;
  48   2          }
  49   1      }
  50          


MODULE INFORMATION:   STATIC OVERLAYABLE
   CODE SIZE        =    174    ----
C51 COMPILER V9.60.7.0   MAIN                                                              02/26/2024 15:33:34 PAGE 2   

   CONSTANT SIZE    =   ----    ----
   XDATA SIZE       =   ----    ----
   PDATA SIZE       =   ----    ----
   DATA SIZE        =      2    ----
   IDATA SIZE       =   ----    ----
   BIT SIZE         =   ----    ----
END OF MODULE INFORMATION.


C51 COMPILATION COMPLETE.  0 WARNING(S),  0 ERROR(S)
