C51 COMPILER V9.54   BUZZER                                                                11/05/2023 21:11:52 PAGE 1   


C51 COMPILER V9.54, COMPILATION OF MODULE BUZZER
OBJECT MODULE PLACED IN .\Objects\buzzer.obj
COMPILER INVOKED BY: D:\Èí¼þ°²×°\keil5\C51\BIN\C51.EXE buzzer.c OPTIMIZE(8,SPEED) BROWSE DEBUG OBJECTEXTEND PRINT(.\List
                    -ings\buzzer.lst) TABS(2) OBJECT(.\Objects\buzzer.obj)

line level    source

   1          #include<reg52.h>
   2          #include <intrins.h>
   3          #define uint unsigned int
   4          #define uchar unsigned char
   5          sbit buzzer = P2^3;
   6          uint temp;
   7          
   8          void delay(uint z)
   9          {
  10   1          uint x, y;
  11   1          for(x = z; x>0;x--)
  12   1          for(y = 114;y>0;y--);
  13   1      }
  14          
  15          
  16          
  17          void main()
  18          {
  19   1          temp = 0xfe;
  20   1          P1 = temp;
  21   1          delay(100);
  22   1          while(1)
  23   1          {
  24   2            temp = _crol_(temp,1);
  25   2            P1 = temp;
  26   2          buzzer = 0;
  27   2          delay(100);
  28   2          }
  29   1      }


MODULE INFORMATION:   STATIC OVERLAYABLE
   CODE SIZE        =     75    ----
   CONSTANT SIZE    =   ----    ----
   XDATA SIZE       =   ----    ----
   PDATA SIZE       =   ----    ----
   DATA SIZE        =      2    ----
   IDATA SIZE       =   ----    ----
   BIT SIZE         =   ----    ----
END OF MODULE INFORMATION.


C51 COMPILATION COMPLETE.  0 WARNING(S),  0 ERROR(S)
